INFO:django.utils.autoreload:D:\Projects\my work\moobo_project2\designer\views.py changed, reloading.
INFO:root:Informational message
ERROR:root:An error has happened!
INFO:django.utils.autoreload:D:\Projects\my work\moobo_project2\designer\views.py changed, reloading.
INFO:django.utils.autoreload:D:\Projects\my work\moobo_project2\designer\views.py changed, reloading.
INFO:django.utils.autoreload:D:\Projects\my work\moobo_project2\designer\views.py changed, reloading.
INFO:django.utils.autoreload:D:\Projects\my work\moobo_project2\designer\views.py changed, reloading.
INFO:django.utils.autoreload:D:\Projects\my work\moobo_project2\designer\views.py changed, reloading.
INFO:django.utils.autoreload:D:\Projects\my work\moobo_project2\designer\views.py changed, reloading.
INFO:django.utils.autoreload:D:\Projects\my work\moobo_project2\designer\views.py changed, reloading.
WARNING:django.request:Not Found: /favicon.ico
INFO:root:in new project
INFO:root:in new project response <QueryDict: {'csrfmiddlewaretoken': ['oNeaRlyOChPybDvsGIr7dvBapryEVEU2MR5Padr0LmI3cDLwcLn984udoKxi4ZUV'], 'name': ['ןנמ ןנמ'], 'user': ['1']}>
INFO:root:in new project exiting_project(user_id, project_name) []
INFO:root:in new project project_form.is_valid() = True
INFO:root:in new project project_form.save() = yah, i saved it
INFO:root:IN STATEMENT
INFO:root:IN STATEMENT project_name = ןנמ ןנמ
INFO:root:IN STATEMENT statement_data = GET
INFO:root:IN STATEMENT
INFO:root:IN STATEMENT project_name = ןנמ ןנמ
INFO:root:IN STATEMENT statement_data = GET
WARNING:django.request:Not Found: /favicon.ico
ERROR:django.request:Internal Server Error: /designer/statement/ךאך עו‏ חמגףע/
Traceback (most recent call last):
  File "D:\Programs\Python38-32\lib\site-packages\django\core\handlers\exception.py", line 34, in inner
    response = get_response(request)
  File "D:\Programs\Python38-32\lib\site-packages\django\core\handlers\base.py", line 115, in _get_response
    response = self.process_exception_by_middleware(e, request)
  File "D:\Programs\Python38-32\lib\site-packages\django\core\handlers\base.py", line 113, in _get_response
    response = wrapped_callback(request, *callback_args, **callback_kwargs)
  File "D:\Projects\my work\moobo_project2\designer\views.py", line 145, in statement
    project_name = project_name.encode('latin1').decode('utf8')
UnicodeEncodeError: 'latin-1' codec can't encode characters in position 0-2: ordinal not in range(256)
ERROR:django.request:Internal Server Error: /designer/projects/newproject
Traceback (most recent call last):
  File "D:\Programs\Python38-32\lib\site-packages\django\core\handlers\exception.py", line 34, in inner
    response = get_response(request)
  File "D:\Programs\Python38-32\lib\site-packages\django\core\handlers\base.py", line 115, in _get_response
    response = self.process_exception_by_middleware(e, request)
  File "D:\Programs\Python38-32\lib\site-packages\django\core\handlers\base.py", line 113, in _get_response
    response = wrapped_callback(request, *callback_args, **callback_kwargs)
  File "D:\Projects\my work\moobo_project2\designer\views.py", line 74, in new_project
    name_project = response.__getitem__('name').decode('utf8')
AttributeError: 'str' object has no attribute 'decode'
INFO:django.utils.autoreload:D:\Projects\my work\moobo_project2\designer\views.py changed, reloading.
ERROR:django.request:Internal Server Error: /designer/projects/newproject
Traceback (most recent call last):
  File "D:\Programs\Python38-32\lib\site-packages\django\core\handlers\exception.py", line 34, in inner
    response = get_response(request)
  File "D:\Programs\Python38-32\lib\site-packages\django\core\handlers\base.py", line 115, in _get_response
    response = self.process_exception_by_middleware(e, request)
  File "D:\Programs\Python38-32\lib\site-packages\django\core\handlers\base.py", line 113, in _get_response
    response = wrapped_callback(request, *callback_args, **callback_kwargs)
  File "D:\Projects\my work\moobo_project2\designer\views.py", line 74, in new_project
    name_project = response.__getitem__('name').encode('latin1').decode('utf8')
UnicodeEncodeError: 'latin-1' codec can't encode characters in position 0-3: ordinal not in range(256)
INFO:django.utils.autoreload:D:\Projects\my work\moobo_project2\designer\views.py changed, reloading.
ERROR:django.request:Internal Server Error: /designer/projects/newproject
Traceback (most recent call last):
  File "D:\Programs\Python38-32\lib\site-packages\django\core\handlers\exception.py", line 34, in inner
    response = get_response(request)
  File "D:\Programs\Python38-32\lib\site-packages\django\core\handlers\base.py", line 115, in _get_response
    response = self.process_exception_by_middleware(e, request)
  File "D:\Programs\Python38-32\lib\site-packages\django\core\handlers\base.py", line 113, in _get_response
    response = wrapped_callback(request, *callback_args, **callback_kwargs)
  File "D:\Projects\my work\moobo_project2\designer\views.py", line 75, in new_project
    name_project = response.__getitem__('name').encode('latin1').decode('utf8')
UnicodeEncodeError: 'latin-1' codec can't encode characters in position 0-7: ordinal not in range(256)
INFO:django.utils.autoreload:D:\Projects\my work\moobo_project2\designer\views.py changed, reloading.
INFO:root:in new project
INFO:root:in new project response <QueryDict: {'csrfmiddlewaretoken': ['2q1uPbGWpp9NKfmBv0FCDH4SPDrA542MquS983z8yu2iLfCF13BEygXVOWqeep2F'], 'name': ['גפגפ', 'גפגפ'], 'user': ['1']}>
INFO:root:in new project exiting_project(user_id, project_name) []
INFO:root:in new project project_form.is_valid() = True
INFO:root:in new project project_form.save() = yah, i saved it
ERROR:django.request:Internal Server Error: /designer/statement/גפגפ/
Traceback (most recent call last):
  File "D:\Programs\Python38-32\lib\site-packages\django\core\handlers\exception.py", line 34, in inner
    response = get_response(request)
  File "D:\Programs\Python38-32\lib\site-packages\django\core\handlers\base.py", line 115, in _get_response
    response = self.process_exception_by_middleware(e, request)
  File "D:\Programs\Python38-32\lib\site-packages\django\core\handlers\base.py", line 113, in _get_response
    response = wrapped_callback(request, *callback_args, **callback_kwargs)
  File "D:\Projects\my work\moobo_project2\designer\views.py", line 146, in statement
    project_name = project_name.encode('latin1').decode('utf8')
UnicodeEncodeError: 'latin-1' codec can't encode characters in position 0-4: ordinal not in range(256)
INFO:root:in new project
INFO:root:in new project response <QueryDict: {'csrfmiddlewaretoken': ['3f4LOAypKP6etqCpPKSZLuA5Hkw9oYqlrjVq7srBTUZJuqStlNO1G3t8GDvNxjqe'], 'name': ['פגפגפגפג', 'פגפגפגפג'], 'user': ['1']}>
INFO:root:in new project exiting_project(user_id, project_name) []
INFO:root:in new project project_form.is_valid() = True
INFO:root:in new project project_form.save() = yah, i saved it
ERROR:django.request:Internal Server Error: /designer/statement/פגפגפגפג/
Traceback (most recent call last):
  File "D:\Programs\Python38-32\lib\site-packages\django\core\handlers\exception.py", line 34, in inner
    response = get_response(request)
  File "D:\Programs\Python38-32\lib\site-packages\django\core\handlers\base.py", line 115, in _get_response
    response = self.process_exception_by_middleware(e, request)
  File "D:\Programs\Python38-32\lib\site-packages\django\core\handlers\base.py", line 113, in _get_response
    response = wrapped_callback(request, *callback_args, **callback_kwargs)
  File "D:\Projects\my work\moobo_project2\designer\views.py", line 146, in statement
    project_name = project_name.encode('latin1').decode('utf8')
UnicodeEncodeError: 'latin-1' codec can't encode characters in position 0-11: ordinal not in range(256)
INFO:django.utils.autoreload:D:\Projects\my work\moobo_project2\designer\views.py changed, reloading.
INFO:root:in new project
INFO:root:in new project response <QueryDict: {'csrfmiddlewaretoken': ['LbLklsPDFJmNUfFgrolSGEexKsV2knZl9fCZEkIPOOfiVfVkXrhUBd7AJLUGtIZe'], 'name': ['כמכהמכהמ', 'כמכהמכהמ'], 'user': ['1']}>
INFO:root:in new project exiting_project(user_id, project_name) []
INFO:root:in new project project_form.is_valid() = True
INFO:root:in new project project_form.save() = yah, i saved it
ERROR:django.request:Internal Server Error: /designer/statement/כמכהמכהמ/
Traceback (most recent call last):
  File "D:\Programs\Python38-32\lib\site-packages\django\core\handlers\exception.py", line 34, in inner
    response = get_response(request)
  File "D:\Programs\Python38-32\lib\site-packages\django\core\handlers\base.py", line 115, in _get_response
    response = self.process_exception_by_middleware(e, request)
  File "D:\Programs\Python38-32\lib\site-packages\django\core\handlers\base.py", line 113, in _get_response
    response = wrapped_callback(request, *callback_args, **callback_kwargs)
  File "D:\Projects\my work\moobo_project2\designer\views.py", line 147, in statement
    project_name = project_name.encode('latin1').decode('utf8')
UnicodeEncodeError: 'latin-1' codec can't encode characters in position 0-7: ordinal not in range(256)
INFO:django.utils.autoreload:D:\Projects\my work\moobo_project2\designer\views.py changed, reloading.
ERROR:django.request:Internal Server Error: /designer/projects/newproject
Traceback (most recent call last):
  File "D:\Programs\Python38-32\lib\site-packages\django\core\handlers\exception.py", line 34, in inner
    response = get_response(request)
  File "D:\Programs\Python38-32\lib\site-packages\django\core\handlers\base.py", line 115, in _get_response
    response = self.process_exception_by_middleware(e, request)
  File "D:\Programs\Python38-32\lib\site-packages\django\core\handlers\base.py", line 113, in _get_response
    response = wrapped_callback(request, *callback_args, **callback_kwargs)
  File "D:\Projects\my work\moobo_project2\designer\views.py", line 76, in new_project
    response.name[0] = name_project
AttributeError: 'QueryDict' object has no attribute 'name'
INFO:django.utils.autoreload:D:\Projects\my work\moobo_project2\designer\views.py changed, reloading.
ERROR:django.request:Internal Server Error: /designer/projects/newproject
Traceback (most recent call last):
  File "D:\Programs\Python38-32\lib\site-packages\django\core\handlers\exception.py", line 34, in inner
    response = get_response(request)
  File "D:\Programs\Python38-32\lib\site-packages\django\core\handlers\base.py", line 115, in _get_response
    response = self.process_exception_by_middleware(e, request)
  File "D:\Programs\Python38-32\lib\site-packages\django\core\handlers\base.py", line 113, in _get_response
    response = wrapped_callback(request, *callback_args, **callback_kwargs)
  File "D:\Projects\my work\moobo_project2\designer\views.py", line 76, in new_project
    response.__getitem__('name')[0] = name_project
TypeError: 'str' object does not support item assignment
INFO:django.utils.autoreload:D:\Projects\my work\moobo_project2\designer\views.py changed, reloading.
INFO:django.utils.autoreload:D:\Projects\my work\moobo_project2\designer\views.py changed, reloading.
INFO:django.utils.autoreload:D:\Projects\my work\moobo_project2\designer\views.py changed, reloading.
INFO:django.utils.autoreload:D:\Projects\my work\moobo_project2\designer\views.py changed, reloading.
INFO:django.utils.autoreload:D:\Projects\my work\moobo_project2\designer\views.py changed, reloading.
INFO:root:in new project
INFO:root:in new project response <QueryDict: {'csrfmiddlewaretoken': ['iQ6fsgQ5U79XHB0qFM5pduHZAOMQtm1KGUXUL8Jh3c2sIBgubP1r83A2z7LuCH1D'], 'user': ['1'], 'name': ['עבעבעבסקלע']}>
INFO:root:in new project exiting_project(user_id, project_name) []
INFO:root:in new project project_form.is_valid() = True
INFO:root:in new project project_form.save() = yah, i saved it
ERROR:django.request:Internal Server Error: /designer/statement/עבעבעבסקלע/
Traceback (most recent call last):
  File "D:\Programs\Python38-32\lib\site-packages\django\core\handlers\exception.py", line 34, in inner
    response = get_response(request)
  File "D:\Programs\Python38-32\lib\site-packages\django\core\handlers\base.py", line 115, in _get_response
    response = self.process_exception_by_middleware(e, request)
  File "D:\Programs\Python38-32\lib\site-packages\django\core\handlers\base.py", line 113, in _get_response
    response = wrapped_callback(request, *callback_args, **callback_kwargs)
  File "D:\Projects\my work\moobo_project2\designer\views.py", line 149, in statement
    project_name = project_name.encode('latin1').decode('utf8')
UnicodeEncodeError: 'latin-1' codec can't encode characters in position 0-12: ordinal not in range(256)
INFO:django.utils.autoreload:D:\Projects\my work\moobo_project2\designer\views.py changed, reloading.
INFO:root:in new project
INFO:root:in new project response <QueryDict: {'csrfmiddlewaretoken': ['xCeCuGyfULnuLoiHGRkUnRFzuRqPe4ezVG5hNyrr3QgZMoyLcUgWiqyCtaptnpes'], 'user': ['1'], 'name': ['המשחדןצךמןחש']}>
INFO:root:in new project exiting_project(user_id, project_name) []
INFO:root:in new project project_form.is_valid() = True
INFO:root:in new project project_form.save() = yah, i saved it
ERROR:django.request:Internal Server Error: /designer/statement/המשחדןצךמןחש/
Traceback (most recent call last):
  File "D:\Programs\Python38-32\lib\site-packages\django\core\handlers\exception.py", line 34, in inner
    response = get_response(request)
  File "D:\Programs\Python38-32\lib\site-packages\django\core\handlers\base.py", line 115, in _get_response
    response = self.process_exception_by_middleware(e, request)
  File "D:\Programs\Python38-32\lib\site-packages\django\core\handlers\base.py", line 113, in _get_response
    response = wrapped_callback(request, *callback_args, **callback_kwargs)
  File "D:\Projects\my work\moobo_project2\designer\views.py", line 150, in statement
    project_name = project_name.encode('latin1').decode('utf8')
UnicodeEncodeError: 'latin-1' codec can't encode characters in position 0-11: ordinal not in range(256)
INFO:django.utils.autoreload:D:\Projects\my work\moobo_project2\designer\views.py changed, reloading.
INFO:root:in new project
INFO:root:in new project response <QueryDict: {'csrfmiddlewaretoken': ['c8ROaCqQcOs1kvg0iAbzPARpBv0cIIUYAcIttuj2lTlwlvw4OD7BK9KsAOZQR3UR'], 'user': ['1'], 'name': ['רנןרצךנןצמהכגמאזה']}>
INFO:root:in new project exiting_project(user_id, project_name) []
INFO:root:in new project project_form.is_valid() = True
INFO:root:in new project project_form.save() = yah, i saved it
INFO:root:IN STATEMENT
INFO:root:IN STATEMENT project_name = רנןרצךנןצמהכגמאזה
INFO:root:IN STATEMENT statement_data = GET
INFO:root:IN STATEMENT
INFO:root:IN STATEMENT project_name = רנןרצךנןצמהכגמאזה
INFO:root:IN STATEMENT statement_data = GET
INFO:root:in new project
INFO:root:in new project response <QueryDict: {'csrfmiddlewaretoken': ['H67UnjHz2hhF3AqYRqxYZNj20qNwsevY5aYzGbALbmaa4AG2ntt0Umc5ZJMaBzvR'], 'user': ['1'], 'name': ['כהאמגכאהמ גנאהמגנאה']}>
INFO:root:in new project exiting_project(user_id, project_name) []
INFO:root:in new project project_form.is_valid() = True
INFO:root:in new project project_form.save() = yah, i saved it
INFO:root:IN STATEMENT
INFO:root:IN STATEMENT project_name = כהאמגכאהמ גנאהמגנאה
INFO:root:IN STATEMENT statement_data = GET
INFO:root:IN STATEMENT
INFO:root:IN STATEMENT project_name = כהאמגכאהמ גנאהמגנאה
INFO:root:IN STATEMENT statement_data = GET
INFO:root:in new project
INFO:root:in new project response <QueryDict: {'csrfmiddlewaretoken': ['1WlOkpPSSmJujdeCgX34EOTgQ4KBp6jYp0ctDhI41rCZkduGM0Z6znMjPnJfyrjR'], 'user': ['1'], 'name': ['ssd sdfwesd']}>
INFO:root:in new project exiting_project(user_id, project_name) []
INFO:root:in new project project_form.is_valid() = True
INFO:root:in new project project_form.save() = yah, i saved it
INFO:root:IN STATEMENT
INFO:root:IN STATEMENT project_name = ssd sdfwesd
INFO:root:IN STATEMENT statement_data = GET
INFO:root:IN STATEMENT
INFO:root:IN STATEMENT project_name = ssd sdfwesd
INFO:root:IN STATEMENT statement_data = GET
INFO:django.utils.autoreload:D:\Projects\my work\moobo_project2\moobo_project\settings.py changed, reloading.
INFO:django.utils.autoreload:D:\Projects\my work\moobo_project2\moobo_project\settings.py changed, reloading.
